
[Mon Sep 29 18:33:12 2025][TYPE :    INFO] -> app_init : Logger initialized successfully with level VERBOSE 
[Mon Sep 29 18:33:12 2025][TYPE :    INFO] -> app_init : Starting all dependencies  
[Mon Sep 29 18:33:13 2025][TYPE :    INFO] -> app_init : SDL initialized successfully 
[Mon Sep 29 18:33:13 2025][TYPE :    INFO] -> app_init : SDL TTF initialized successfully 
[Mon Sep 29 18:33:13 2025][TYPE :    INFO] -> app_init : Window created successfully 
[Mon Sep 29 18:33:13 2025][TYPE :    INFO] -> app_init : Renderer created successfully 
[Mon Sep 29 18:33:13 2025][TYPE :    INFO] -> app_init : Font loaded successfully 
[Mon Sep 29 18:33:13 2025][TYPE :    INFO] -> app_init : Inputs gestion created successfully 
[Mon Sep 29 18:33:13 2025][TYPE :    INFO] -> app_play : App starting  
[Mon Sep 29 18:33:13 2025][TYPE :    INFO] -> app_settingsScreen : Currently on settings screen  
[Mon Sep 29 18:33:13 2025][TYPE :    INFO] -> app_inputs : Reviewing all inputs  [occurred 49 times]
[Mon Sep 29 18:33:14 2025][TYPE :    INFO] -> app_inputs : Reviewing all inputs  [occurred 138 times]
[Mon Sep 29 18:33:15 2025][TYPE :    INFO] -> app_inputs : Reviewing all inputs  [occurred 149 times]
[Mon Sep 29 18:33:16 2025][TYPE :    INFO] -> app_inputs : Reviewing all inputs  [occurred 149 times]
[Mon Sep 29 18:33:17 2025][TYPE :    INFO] -> app_inputs : Reviewing all inputs  [occurred 144 times]
[Mon Sep 29 18:33:18 2025][TYPE :    INFO] -> app_inputs : Reviewing all inputs  [occurred 145 times]
[Mon Sep 29 18:33:19 2025][TYPE :    INFO] -> app_inputs : Reviewing all inputs  [occurred 125 times]
[Mon Sep 29 18:33:20 2025][TYPE :    INFO] -> app_inputs : Reviewing all inputs  [occurred 39 times]
[Mon Sep 29 18:33:20 2025][TYPE :    INFO] -> app_quit : App ending  
[Mon Sep 29 18:45:25 2025][TYPE :    INFO] -> app_init : Logger initialized successfully with level VERBOSE 
[Mon Sep 29 18:45:25 2025][TYPE :    INFO] -> app_init : Starting all dependencies  
[Mon Sep 29 18:45:26 2025][TYPE :    INFO] -> app_init : SDL initialized successfully 
[Mon Sep 29 18:45:26 2025][TYPE :    INFO] -> app_init : SDL TTF initialized successfully 
[Mon Sep 29 18:45:26 2025][TYPE :    INFO] -> app_init : Window created successfully 
[Mon Sep 29 18:45:26 2025][TYPE :    INFO] -> app_init : Renderer created successfully 
[Mon Sep 29 18:45:26 2025][TYPE :    INFO] -> app_init : Font loaded successfully 
[Mon Sep 29 18:45:26 2025][TYPE :    INFO] -> app_init : Inputs gestion created successfully 
[Mon Sep 29 18:45:26 2025][TYPE :    INFO] -> app_play : App starting  
[Mon Sep 29 18:45:26 2025][TYPE :    INFO] -> app_settingsScreen : Currently on settings screen  
[Mon Sep 29 18:45:26 2025][TYPE :    INFO] -> app_inputs : Reviewing all inputs  [occurred 16 times]
[Mon Sep 29 18:45:27 2025][TYPE :    INFO] -> app_inputs : Reviewing all inputs  [occurred 38 times]
[Mon Sep 29 18:45:28 2025][TYPE :    INFO] -> app_inputs : Reviewing all inputs  [occurred 42 times]
[Mon Sep 29 18:45:29 2025][TYPE :    INFO] -> app_inputs : Reviewing all inputs  [occurred 39 times]
[Mon Sep 29 18:45:30 2025][TYPE :    INFO] -> app_inputs : Reviewing all inputs  [occurred 43 times]
[Mon Sep 29 18:45:31 2025][TYPE :    INFO] -> app_inputs : Reviewing all inputs  [occurred 37 times]
[Mon Sep 29 18:45:32 2025][TYPE :    INFO] -> app_inputs : Reviewing all inputs  [occurred 39 times]
[Mon Sep 29 18:45:33 2025][TYPE :    INFO] -> app_inputs : Reviewing all inputs  [occurred 42 times]
[Mon Sep 29 18:45:34 2025][TYPE :    INFO] -> app_inputs : Reviewing all inputs  [occurred 41 times]
[Mon Sep 29 18:45:35 2025][TYPE :    INFO] -> app_inputs : Reviewing all inputs  [occurred 40 times]
[Mon Sep 29 18:45:36 2025][TYPE :    INFO] -> app_inputs : Reviewing all inputs  [occurred 41 times]
[Mon Sep 29 18:45:37 2025][TYPE :    INFO] -> app_inputs : Reviewing all inputs  [occurred 38 times]
[Mon Sep 29 18:45:38 2025][TYPE :    INFO] -> app_inputs : Reviewing all inputs  [occurred 40 times]
[Mon Sep 29 18:45:39 2025][TYPE :    INFO] -> app_inputs : Reviewing all inputs  [occurred 44 times]
[Mon Sep 29 18:45:40 2025][TYPE :    INFO] -> app_inputs : Reviewing all inputs  [occurred 42 times]
[Mon Sep 29 18:45:41 2025][TYPE :    INFO] -> app_inputs : Reviewing all inputs  [occurred 27 times]
[Mon Sep 29 18:45:42 2025][TYPE :    INFO] -> app_inputs : Reviewing all inputs  [occurred 40 times]
[Mon Sep 29 18:45:43 2025][TYPE :    INFO] -> app_inputs : Reviewing all inputs  [occurred 39 times]
[Mon Sep 29 18:45:44 2025][TYPE :    INFO] -> app_inputs : Reviewing all inputs  [occurred 42 times]
[Mon Sep 29 18:45:45 2025][TYPE :    INFO] -> app_inputs : Reviewing all inputs  [occurred 10 times]
[Mon Sep 29 18:45:45 2025][TYPE :    INFO] -> app_quit : App ending  
[Mon Sep 29 21:47:00 2025][TYPE :    INFO] -> app_init : Logger initialized successfully with level VERBOSE 
[Mon Sep 29 21:47:00 2025][TYPE :    INFO] -> app_init : Starting all dependencies  
[Mon Sep 29 21:47:00 2025][TYPE :    INFO] -> app_init : SDL initialized successfully 
[Mon Sep 29 21:47:00 2025][TYPE :    INFO] -> app_init : SDL TTF initialized successfully 
[Mon Sep 29 21:47:00 2025][TYPE :    INFO] -> app_init : Window created successfully 
[Mon Sep 29 21:47:01 2025][TYPE :    INFO] -> app_init : Renderer created successfully 
[Mon Sep 29 21:47:01 2025][TYPE :    INFO] -> app_init : Font loaded successfully 
[Mon Sep 29 21:47:01 2025][TYPE :    INFO] -> app_init : Inputs gestion created successfully 
[Mon Sep 29 21:47:01 2025][TYPE :    INFO] -> app_play : App starting  
[Mon Sep 29 21:47:01 2025][TYPE :    INFO] -> app_settingsScreen : Currently on settings screen  
[Mon Sep 29 21:47:01 2025][TYPE :    INFO] -> app_inputs : Reviewing all inputs  [occurred 39 times]
[Mon Sep 29 21:47:02 2025][TYPE :    INFO] -> app_inputs : Reviewing all inputs  [occurred 74 times]
[Mon Sep 29 21:47:03 2025][TYPE :    INFO] -> app_inputs : Reviewing all inputs  [occurred 74 times]
[Mon Sep 29 21:47:04 2025][TYPE :    INFO] -> app_inputs : Reviewing all inputs  [occurred 75 times]
[Mon Sep 29 21:47:05 2025][TYPE :    INFO] -> app_inputs : Reviewing all inputs  [occurred 73 times]
[Mon Sep 29 21:47:06 2025][TYPE :    INFO] -> app_inputs : Reviewing all inputs  [occurred 70 times]
[Mon Sep 29 21:47:07 2025][TYPE :    INFO] -> app_inputs : Reviewing all inputs  [occurred 73 times]
[Mon Sep 29 21:47:08 2025][TYPE :    INFO] -> app_inputs : Reviewing all inputs  [occurred 7 times]
[Mon Sep 29 21:47:09 2025][TYPE :    INFO] -> app_inputs : Reviewing all inputs  [occurred 52 times]
[Mon Sep 29 21:47:10 2025][TYPE :    INFO] -> app_inputs : Reviewing all inputs  [occurred 72 times]
[Mon Sep 29 21:47:11 2025][TYPE :    INFO] -> app_inputs : Reviewing all inputs  [occurred 74 times]
[Mon Sep 29 21:47:12 2025][TYPE :    INFO] -> app_inputs : Reviewing all inputs  [occurred 73 times]
[Mon Sep 29 21:47:13 2025][TYPE :    INFO] -> app_inputs : Reviewing all inputs  [occurred 73 times]
[Mon Sep 29 21:47:14 2025][TYPE :    INFO] -> app_inputs : Reviewing all inputs  [occurred 69 times]
[Mon Sep 29 21:47:15 2025][TYPE :    INFO] -> app_inputs : Reviewing all inputs  [occurred 47 times]
[Mon Sep 29 21:47:15 2025][TYPE :    INFO] -> app_quit : App ending  
[Tue Sep 30 08:31:57 2025][TYPE :    INFO] -> app_init : Logger initialized successfully with level VERBOSE 
[Tue Sep 30 08:31:57 2025][TYPE :    INFO] -> app_init : Starting all dependencies  
[Tue Sep 30 08:31:58 2025][TYPE :    INFO] -> app_init : SDL initialized successfully 
[Tue Sep 30 08:31:58 2025][TYPE :    INFO] -> app_init : SDL TTF initialized successfully 
[Tue Sep 30 08:31:58 2025][TYPE :    INFO] -> app_init : Window created successfully 
[Tue Sep 30 08:31:59 2025][TYPE :    INFO] -> app_init : Renderer created successfully 
[Tue Sep 30 08:31:59 2025][TYPE :    INFO] -> app_init : Font loaded successfully 
[Tue Sep 30 08:31:59 2025][TYPE :    INFO] -> app_init : Inputs gestion created successfully 
[Tue Sep 30 08:31:59 2025][TYPE :    INFO] -> app_init : App data created successfully 
[Tue Sep 30 08:31:59 2025][TYPE :    INFO] -> app_init : Color set created successfully 
[Tue Sep 30 08:31:59 2025][TYPE :    INFO] -> app_play : App starting  
[Tue Sep 30 08:31:59 2025][TYPE :    INFO] -> app_settingsScreen : Currently on settings screen  
[Tue Sep 30 08:31:59 2025][TYPE :    INFO] -> app_inputs : Reviewing all inputs  [occurred 64 times]
[Tue Sep 30 08:32:00 2025][TYPE :    INFO] -> app_inputs : Reviewing all inputs  [occurred 88 times]
[Tue Sep 30 08:32:01 2025][TYPE :    INFO] -> app_inputs : Reviewing all inputs  [occurred 94 times]
[Tue Sep 30 08:32:02 2025][TYPE :    INFO] -> app_inputs : Reviewing all inputs  [occurred 98 times]
[Tue Sep 30 08:32:03 2025][TYPE :    INFO] -> app_inputs : Reviewing all inputs  [occurred 83 times]
[Tue Sep 30 08:32:04 2025][TYPE :    INFO] -> app_inputs : Reviewing all inputs  [occurred 89 times]
[Tue Sep 30 08:32:05 2025][TYPE :    INFO] -> app_inputs : Reviewing all inputs  [occurred 93 times]
[Tue Sep 30 08:32:06 2025][TYPE :    INFO] -> app_inputs : Reviewing all inputs  [occurred 87 times]
[Tue Sep 30 08:32:07 2025][TYPE :    INFO] -> app_inputs : Reviewing all inputs  [occurred 88 times]
[Tue Sep 30 08:32:08 2025][TYPE :    INFO] -> app_inputs : Reviewing all inputs  [occurred 93 times]
[Tue Sep 30 08:32:09 2025][TYPE :    INFO] -> app_inputs : Reviewing all inputs  [occurred 92 times]
[Tue Sep 30 08:32:10 2025][TYPE :    INFO] -> app_inputs : Reviewing all inputs  [occurred 96 times]
[Tue Sep 30 08:32:11 2025][TYPE :    INFO] -> app_inputs : Reviewing all inputs  [occurred 93 times]
[Tue Sep 30 08:32:12 2025][TYPE :    INFO] -> app_inputs : Reviewing all inputs  [occurred 96 times]
[Tue Sep 30 08:32:13 2025][TYPE :    INFO] -> app_inputs : Reviewing all inputs  [occurred 95 times]
[Tue Sep 30 08:32:14 2025][TYPE :    INFO] -> app_inputs : Reviewing all inputs  [occurred 61 times]
[Tue Sep 30 08:32:14 2025][TYPE :    INFO] -> app_quit : App ending  